<?xml version="1.0" encoding="UTF-8"?>
<testsuite xmlns:xsi="http://www.w3.org/2001/XMLSchema-instance" xsi:noNamespaceSchemaLocation="https://maven.apache.org/surefire/maven-surefire-plugin/xsd/surefire-test-report.xsd" name="cucumber.Options.TestRunner" time="5.26" tests="1" errors="0" skipped="0" failures="0">
  <properties>
    <property name="sun.desktop" value="windows"/>
    <property name="awt.toolkit" value="sun.awt.windows.WToolkit"/>
    <property name="java.specification.version" value="11"/>
    <property name="sun.cpu.isalist" value="amd64"/>
    <property name="sun.jnu.encoding" value="Cp1252"/>
    <property name="java.class.path" value="D:\api automation\ApiFramework\target\test-classes;D:\api automation\ApiFramework\target\classes;C:\Users\cbnits\.m2\repository\junit\junit\4.11\junit-4.11.jar;C:\Users\cbnits\.m2\repository\org\hamcrest\hamcrest-core\1.3\hamcrest-core-1.3.jar;C:\Users\cbnits\.m2\repository\io\cucumber\cucumber-java\7.6.0\cucumber-java-7.6.0.jar;C:\Users\cbnits\.m2\repository\io\cucumber\cucumber-core\7.6.0\cucumber-core-7.6.0.jar;C:\Users\cbnits\.m2\repository\io\cucumber\cucumber-gherkin\7.6.0\cucumber-gherkin-7.6.0.jar;C:\Users\cbnits\.m2\repository\io\cucumber\cucumber-gherkin-messages\7.6.0\cucumber-gherkin-messages-7.6.0.jar;C:\Users\cbnits\.m2\repository\io\cucumber\gherkin\24.0.0\gherkin-24.0.0.jar;C:\Users\cbnits\.m2\repository\io\cucumber\messages\19.0.0\messages-19.0.0.jar;C:\Users\cbnits\.m2\repository\io\cucumber\tag-expressions\4.1.0\tag-expressions-4.1.0.jar;C:\Users\cbnits\.m2\repository\io\cucumber\cucumber-expressions\16.0.0\cucumber-expressions-16.0.0.jar;C:\Users\cbnits\.m2\repository\io\cucumber\datatable\7.6.0\datatable-7.6.0.jar;C:\Users\cbnits\.m2\repository\io\cucumber\cucumber-plugin\7.6.0\cucumber-plugin-7.6.0.jar;C:\Users\cbnits\.m2\repository\io\cucumber\docstring\7.6.0\docstring-7.6.0.jar;C:\Users\cbnits\.m2\repository\io\cucumber\html-formatter\20.0.0\html-formatter-20.0.0.jar;C:\Users\cbnits\.m2\repository\io\cucumber\ci-environment\9.1.0\ci-environment-9.1.0.jar;C:\Users\cbnits\.m2\repository\org\apiguardian\apiguardian-api\1.1.2\apiguardian-api-1.1.2.jar;C:\Users\cbnits\.m2\repository\io\cucumber\cucumber-junit\7.6.0\cucumber-junit-7.6.0.jar;C:\Users\cbnits\.m2\repository\io\rest-assured\rest-assured\5.1.1\rest-assured-5.1.1.jar;C:\Users\cbnits\.m2\repository\org\apache\groovy\groovy\4.0.1\groovy-4.0.1.jar;C:\Users\cbnits\.m2\repository\org\apache\groovy\groovy-xml\4.0.1\groovy-xml-4.0.1.jar;C:\Users\cbnits\.m2\repository\org\apache\httpcomponents\httpclient\4.5.13\httpclient-4.5.13.jar;C:\Users\cbnits\.m2\repository\org\apache\httpcomponents\httpcore\4.4.13\httpcore-4.4.13.jar;C:\Users\cbnits\.m2\repository\commons-logging\commons-logging\1.2\commons-logging-1.2.jar;C:\Users\cbnits\.m2\repository\commons-codec\commons-codec\1.11\commons-codec-1.11.jar;C:\Users\cbnits\.m2\repository\org\apache\httpcomponents\httpmime\4.5.13\httpmime-4.5.13.jar;C:\Users\cbnits\.m2\repository\org\hamcrest\hamcrest\2.1\hamcrest-2.1.jar;C:\Users\cbnits\.m2\repository\org\ccil\cowan\tagsoup\tagsoup\1.2.1\tagsoup-1.2.1.jar;C:\Users\cbnits\.m2\repository\io\rest-assured\json-path\5.1.1\json-path-5.1.1.jar;C:\Users\cbnits\.m2\repository\org\apache\groovy\groovy-json\4.0.1\groovy-json-4.0.1.jar;C:\Users\cbnits\.m2\repository\io\rest-assured\rest-assured-common\5.1.1\rest-assured-common-5.1.1.jar;C:\Users\cbnits\.m2\repository\io\rest-assured\xml-path\5.1.1\xml-path-5.1.1.jar;C:\Users\cbnits\.m2\repository\org\apache\commons\commons-lang3\3.11\commons-lang3-3.11.jar;C:\Users\cbnits\.m2\repository\com\fasterxml\jackson\core\jackson-databind\2.13.3\jackson-databind-2.13.3.jar;C:\Users\cbnits\.m2\repository\com\fasterxml\jackson\core\jackson-annotations\2.13.3\jackson-annotations-2.13.3.jar;C:\Users\cbnits\.m2\repository\com\fasterxml\jackson\core\jackson-core\2.13.3\jackson-core-2.13.3.jar;C:\Users\cbnits\.m2\repository\com\fasterxml\jackson\datatype\jackson-datatype-jdk8\2.13.3\jackson-datatype-jdk8-2.13.3.jar;"/>
    <property name="java.vm.vendor" value="Oracle Corporation"/>
    <property name="sun.arch.data.model" value="64"/>
    <property name="user.variant" value=""/>
    <property name="java.vendor.url" value="https://openjdk.java.net/"/>
    <property name="user.timezone" value="Asia/Calcutta"/>
    <property name="java.vm.specification.version" value="11"/>
    <property name="os.name" value="Windows 10"/>
    <property name="sun.java.launcher" value="SUN_STANDARD"/>
    <property name="user.country" value="IN"/>
    <property name="sun.boot.library.path" value="C:\Program Files\Java\jdk-11.0.16.1\bin"/>
    <property name="sun.java.command" value="C:\Users\cbnits\AppData\Local\Temp\surefire6986715310701718955\surefirebooter781812766963840424.jar C:\Users\cbnits\AppData\Local\Temp\surefire6986715310701718955 2022-09-03T14-30-47_502-jvmRun1 surefire16773665758062169505tmp surefire_0814125269474081006tmp"/>
    <property name="jdk.debug" value="release"/>
    <property name="surefire.test.class.path" value="D:\api automation\ApiFramework\target\test-classes;D:\api automation\ApiFramework\target\classes;C:\Users\cbnits\.m2\repository\junit\junit\4.11\junit-4.11.jar;C:\Users\cbnits\.m2\repository\org\hamcrest\hamcrest-core\1.3\hamcrest-core-1.3.jar;C:\Users\cbnits\.m2\repository\io\cucumber\cucumber-java\7.6.0\cucumber-java-7.6.0.jar;C:\Users\cbnits\.m2\repository\io\cucumber\cucumber-core\7.6.0\cucumber-core-7.6.0.jar;C:\Users\cbnits\.m2\repository\io\cucumber\cucumber-gherkin\7.6.0\cucumber-gherkin-7.6.0.jar;C:\Users\cbnits\.m2\repository\io\cucumber\cucumber-gherkin-messages\7.6.0\cucumber-gherkin-messages-7.6.0.jar;C:\Users\cbnits\.m2\repository\io\cucumber\gherkin\24.0.0\gherkin-24.0.0.jar;C:\Users\cbnits\.m2\repository\io\cucumber\messages\19.0.0\messages-19.0.0.jar;C:\Users\cbnits\.m2\repository\io\cucumber\tag-expressions\4.1.0\tag-expressions-4.1.0.jar;C:\Users\cbnits\.m2\repository\io\cucumber\cucumber-expressions\16.0.0\cucumber-expressions-16.0.0.jar;C:\Users\cbnits\.m2\repository\io\cucumber\datatable\7.6.0\datatable-7.6.0.jar;C:\Users\cbnits\.m2\repository\io\cucumber\cucumber-plugin\7.6.0\cucumber-plugin-7.6.0.jar;C:\Users\cbnits\.m2\repository\io\cucumber\docstring\7.6.0\docstring-7.6.0.jar;C:\Users\cbnits\.m2\repository\io\cucumber\html-formatter\20.0.0\html-formatter-20.0.0.jar;C:\Users\cbnits\.m2\repository\io\cucumber\ci-environment\9.1.0\ci-environment-9.1.0.jar;C:\Users\cbnits\.m2\repository\org\apiguardian\apiguardian-api\1.1.2\apiguardian-api-1.1.2.jar;C:\Users\cbnits\.m2\repository\io\cucumber\cucumber-junit\7.6.0\cucumber-junit-7.6.0.jar;C:\Users\cbnits\.m2\repository\io\rest-assured\rest-assured\5.1.1\rest-assured-5.1.1.jar;C:\Users\cbnits\.m2\repository\org\apache\groovy\groovy\4.0.1\groovy-4.0.1.jar;C:\Users\cbnits\.m2\repository\org\apache\groovy\groovy-xml\4.0.1\groovy-xml-4.0.1.jar;C:\Users\cbnits\.m2\repository\org\apache\httpcomponents\httpclient\4.5.13\httpclient-4.5.13.jar;C:\Users\cbnits\.m2\repository\org\apache\httpcomponents\httpcore\4.4.13\httpcore-4.4.13.jar;C:\Users\cbnits\.m2\repository\commons-logging\commons-logging\1.2\commons-logging-1.2.jar;C:\Users\cbnits\.m2\repository\commons-codec\commons-codec\1.11\commons-codec-1.11.jar;C:\Users\cbnits\.m2\repository\org\apache\httpcomponents\httpmime\4.5.13\httpmime-4.5.13.jar;C:\Users\cbnits\.m2\repository\org\hamcrest\hamcrest\2.1\hamcrest-2.1.jar;C:\Users\cbnits\.m2\repository\org\ccil\cowan\tagsoup\tagsoup\1.2.1\tagsoup-1.2.1.jar;C:\Users\cbnits\.m2\repository\io\rest-assured\json-path\5.1.1\json-path-5.1.1.jar;C:\Users\cbnits\.m2\repository\org\apache\groovy\groovy-json\4.0.1\groovy-json-4.0.1.jar;C:\Users\cbnits\.m2\repository\io\rest-assured\rest-assured-common\5.1.1\rest-assured-common-5.1.1.jar;C:\Users\cbnits\.m2\repository\io\rest-assured\xml-path\5.1.1\xml-path-5.1.1.jar;C:\Users\cbnits\.m2\repository\org\apache\commons\commons-lang3\3.11\commons-lang3-3.11.jar;C:\Users\cbnits\.m2\repository\com\fasterxml\jackson\core\jackson-databind\2.13.3\jackson-databind-2.13.3.jar;C:\Users\cbnits\.m2\repository\com\fasterxml\jackson\core\jackson-annotations\2.13.3\jackson-annotations-2.13.3.jar;C:\Users\cbnits\.m2\repository\com\fasterxml\jackson\core\jackson-core\2.13.3\jackson-core-2.13.3.jar;C:\Users\cbnits\.m2\repository\com\fasterxml\jackson\datatype\jackson-datatype-jdk8\2.13.3\jackson-datatype-jdk8-2.13.3.jar;"/>
    <property name="sun.cpu.endian" value="little"/>
    <property name="user.home" value="C:\Users\cbnits"/>
    <property name="user.language" value="en"/>
    <property name="java.specification.vendor" value="Oracle Corporation"/>
    <property name="java.version.date" value="2022-08-18"/>
    <property name="java.home" value="C:\Program Files\Java\jdk-11.0.16.1"/>
    <property name="file.separator" value="\"/>
    <property name="basedir" value="D:\api automation\ApiFramework"/>
    <property name="java.vm.compressedOopsMode" value="Zero based"/>
    <property name="line.separator" value="&#10;"/>
    <property name="java.specification.name" value="Java Platform API Specification"/>
    <property name="java.vm.specification.vendor" value="Oracle Corporation"/>
    <property name="java.awt.graphicsenv" value="sun.awt.Win32GraphicsEnvironment"/>
    <property name="surefire.real.class.path" value="C:\Users\cbnits\AppData\Local\Temp\surefire6986715310701718955\surefirebooter781812766963840424.jar"/>
    <property name="user.script" value=""/>
    <property name="sun.management.compiler" value="HotSpot 64-Bit Tiered Compilers"/>
    <property name="java.runtime.version" value="11.0.16.1+1-LTS-1"/>
    <property name="user.name" value="cbnits"/>
    <property name="path.separator" value=";"/>
    <property name="os.version" value="10.0"/>
    <property name="java.runtime.name" value="Java(TM) SE Runtime Environment"/>
    <property name="file.encoding" value="Cp1252"/>
    <property name="java.vm.name" value="Java HotSpot(TM) 64-Bit Server VM"/>
    <property name="java.vendor.version" value="18.9"/>
    <property name="localRepository" value="C:\Users\cbnits\.m2\repository"/>
    <property name="java.vendor.url.bug" value="https://bugreport.java.com/bugreport/"/>
    <property name="java.io.tmpdir" value="C:\Users\cbnits\AppData\Local\Temp\"/>
    <property name="java.version" value="11.0.16.1"/>
    <property name="cucumber.filter.tags" value="@DeletePlace"/>
    <property name="user.dir" value="D:\api automation\ApiFramework"/>
    <property name="os.arch" value="amd64"/>
    <property name="java.vm.specification.name" value="Java Virtual Machine Specification"/>
    <property name="java.awt.printerjob" value="sun.awt.windows.WPrinterJob"/>
    <property name="sun.os.patch.level" value=""/>
    <property name="java.library.path" value="C:\Program Files\Java\jdk-11.0.16.1\bin;C:\Windows\Sun\Java\bin;C:\Windows\system32;C:\Windows;C:\Program Files (x86)\Common Files\Oracle\Java\javapath;C:\Windows\system32;C:\Windows;C:\Windows\System32\Wbem;C:\Windows\System32\WindowsPowerShell\v1.0\;C:\Windows\System32\OpenSSH\;D:\apache-maven-3.8.6\bin;C:\Program Files\Java\jdk-11.0.16.1\bin;C:\Users\cbnits\AppData\Local\Microsoft\WindowsApps;;C:\Users\cbnits\AppData\Local\Programs\Microsoft VS Code\bin;."/>
    <property name="java.vendor" value="Oracle Corporation"/>
    <property name="java.vm.info" value="mixed mode"/>
    <property name="java.vm.version" value="11.0.16.1+1-LTS-1"/>
    <property name="sun.io.unicode.encoding" value="UnicodeLittle"/>
    <property name="java.class.version" value="55.0"/>
  </properties>
  <testcase name="Verfy Delete Place functionality is working" classname="Valodating Place API&apos;s" time="4.723"/>
</testsuite>